TN:
SF:src/models/events.ts
FNF:0
FNH:0
DA:1,1
DA:2,1
DA:3,1
DA:4,1
DA:5,1
DA:6,1
DA:7,1
DA:8,1
DA:9,1
DA:10,1
DA:11,1
DA:12,1
DA:13,1
DA:14,1
DA:15,1
LF:15
LH:15
BRF:0
BRH:0
end_of_record
TN:
SF:src/models/session.ts
FN:24,Session
FN:32,getSessionId
FN:36,join
FN:43,remove
FN:47,isUser
FN:51,getUsers
FN:55,isHost
FN:59,addSong
FN:63,removeSong
FN:67,voteOnSong
FNF:10
FNH:4
FNDA:2,Session
FNDA:2,getSessionId
FNDA:1,join
FNDA:0,remove
FNDA:0,isUser
FNDA:1,getUsers
FNDA:0,isHost
FNDA:0,addSong
FNDA:0,removeSong
FNDA:0,voteOnSong
DA:1,1
DA:2,1
DA:3,1
DA:4,1
DA:5,1
DA:6,1
DA:7,1
DA:8,1
DA:9,1
DA:10,1
DA:11,1
DA:12,1
DA:13,1
DA:14,1
DA:15,1
DA:16,1
DA:17,1
DA:18,1
DA:19,1
DA:20,1
DA:21,1
DA:22,1
DA:23,1
DA:24,1
DA:25,2
DA:26,2
DA:27,2
DA:28,2
DA:29,2
DA:30,2
DA:31,1
DA:32,1
DA:33,2
DA:34,2
DA:35,1
DA:36,1
DA:37,1
DA:38,0
DA:39,0
DA:40,1
DA:41,1
DA:42,1
DA:43,1
DA:44,0
DA:45,0
DA:46,1
DA:47,1
DA:48,0
DA:49,0
DA:50,1
DA:51,1
DA:52,1
DA:53,1
DA:54,1
DA:55,1
DA:56,0
DA:57,0
DA:58,1
DA:59,1
DA:60,0
DA:61,0
DA:62,1
DA:63,1
DA:64,0
DA:65,0
DA:66,1
DA:67,1
DA:68,0
DA:69,0
DA:70,0
DA:71,0
DA:72,0
DA:73,1
DA:74,1
DA:75,1
LF:75
LH:58
BRDA:24,0,0,2
BRDA:32,1,0,2
BRDA:36,2,0,1
BRDA:37,3,0,0
BRDA:51,4,0,1
BRDA:52,5,0,2
BRF:6
BRH:5
end_of_record
TN:
SF:src/services/sessionManager.ts
FN:13,SessionManager
FN:17,createSession
FN:24,getSession
FN:28,joinSession
FN:37,deleteSession
FNF:5
FNH:4
FNDA:1,SessionManager
FNDA:2,createSession
FNDA:2,getSession
FNDA:1,joinSession
FNDA:0,deleteSession
DA:1,1
DA:2,1
DA:3,1
DA:4,1
DA:5,1
DA:6,1
DA:7,1
DA:8,1
DA:9,1
DA:10,1
DA:11,1
DA:12,1
DA:13,1
DA:14,1
DA:15,1
DA:16,1
DA:17,1
DA:18,2
DA:19,2
DA:20,2
DA:21,2
DA:22,2
DA:23,1
DA:24,1
DA:25,2
DA:26,2
DA:27,1
DA:28,1
DA:29,1
DA:30,1
DA:31,1
DA:32,1
DA:33,0
DA:34,0
DA:35,1
DA:36,1
DA:37,1
DA:38,0
DA:39,0
DA:40,1
DA:41,1
DA:42,1
LF:42
LH:38
BRDA:13,0,0,1
BRDA:17,1,0,2
BRDA:24,2,0,2
BRDA:28,3,0,1
BRDA:32,4,0,0
BRF:5
BRH:4
end_of_record
TN:
SF:src/services/socketHandler.ts
FN:16,SocketHandler
FN:22,initializeSocketEvents
FN:52,handleCreateSession
FN:76,handleJoinSession
FNF:4
FNH:4
FNDA:1,SocketHandler
FNDA:1,initializeSocketEvents
FNDA:2,handleCreateSession
FNDA:1,handleJoinSession
DA:1,1
DA:2,1
DA:3,1
DA:4,1
DA:5,1
DA:6,1
DA:7,1
DA:8,1
DA:9,1
DA:10,1
DA:11,1
DA:12,1
DA:13,1
DA:14,1
DA:15,1
DA:16,1
DA:17,1
DA:18,1
DA:19,1
DA:20,1
DA:21,1
DA:22,1
DA:23,1
DA:24,2
DA:25,2
DA:26,2
DA:27,2
DA:28,2
DA:29,2
DA:30,2
DA:31,2
DA:32,2
DA:33,2
DA:34,2
DA:35,2
DA:36,1
DA:37,1
DA:38,2
DA:39,2
DA:40,2
DA:41,2
DA:42,2
DA:43,2
DA:44,2
DA:45,2
DA:46,2
DA:47,2
DA:48,2
DA:49,1
DA:50,1
DA:51,1
DA:52,1
DA:53,2
DA:54,2
DA:55,2
DA:56,2
DA:57,2
DA:58,2
DA:59,2
DA:60,2
DA:61,2
DA:62,2
DA:63,2
DA:64,2
DA:65,2
DA:66,2
DA:67,2
DA:68,2
DA:69,2
DA:70,2
DA:71,2
DA:72,2
DA:73,2
DA:74,2
DA:75,1
DA:76,1
DA:77,1
DA:78,1
DA:79,1
DA:80,1
DA:81,1
DA:82,1
DA:83,1
DA:84,1
DA:85,1
DA:86,1
DA:87,1
DA:88,1
DA:89,1
DA:90,1
DA:91,1
DA:92,1
DA:93,1
DA:94,1
DA:95,1
DA:96,1
DA:97,1
DA:98,0
DA:99,0
DA:100,0
DA:101,0
DA:102,0
DA:103,0
DA:104,0
DA:105,0
DA:106,1
DA:107,1
DA:108,1
DA:109,1
DA:110,1
DA:111,1
DA:112,1
DA:113,1
LF:113
LH:105
BRDA:16,0,0,1
BRDA:22,1,0,1
BRDA:23,2,0,2
BRDA:28,3,0,2
BRDA:35,4,0,1
BRDA:45,5,0,2
BRDA:52,6,0,2
BRDA:76,7,0,1
BRDA:92,8,0,0
BRDA:92,9,0,0
BRDA:97,10,0,0
BRF:11
BRH:8
end_of_record
TN:
SF:test/services/setup.ts
FN:31,setupServerAndSockets
FN:43,checkConnectionsDone
FN:58,resetPromises
FN:73,setupGlobalListeners
FN:101,closeConnections
FN:107,createTestSession
FNF:6
FNH:6
FNDA:1,setupServerAndSockets
FNDA:2,checkConnectionsDone
FNDA:1,resetPromises
FNDA:1,setupGlobalListeners
FNDA:1,closeConnections
FNDA:1,createTestSession
DA:1,1
DA:2,1
DA:3,1
DA:4,1
DA:5,1
DA:6,1
DA:7,1
DA:8,1
DA:9,1
DA:10,1
DA:11,1
DA:12,1
DA:13,1
DA:14,1
DA:15,1
DA:16,1
DA:17,1
DA:18,1
DA:19,1
DA:20,1
DA:21,1
DA:22,1
DA:23,1
DA:24,1
DA:25,1
DA:26,1
DA:27,1
DA:28,1
DA:29,1
DA:30,1
DA:31,1
DA:32,1
DA:33,1
DA:34,1
DA:35,1
DA:36,1
DA:37,1
DA:38,1
DA:39,1
DA:40,1
DA:41,1
DA:42,1
DA:43,1
DA:44,2
DA:45,2
DA:46,1
DA:47,1
DA:48,1
DA:49,1
DA:50,1
DA:51,1
DA:52,1
DA:53,1
DA:54,1
DA:55,1
DA:56,1
DA:57,1
DA:58,1
DA:59,1
DA:60,1
DA:61,1
DA:62,1
DA:63,1
DA:64,1
DA:65,1
DA:66,1
DA:67,1
DA:68,1
DA:69,1
DA:70,1
DA:71,1
DA:72,1
DA:73,1
DA:74,1
DA:75,1
DA:76,2
DA:77,2
DA:78,2
DA:79,1
DA:80,1
DA:81,1
DA:82,0
DA:83,0
DA:84,0
DA:85,1
DA:86,1
DA:87,1
DA:88,1
DA:89,1
DA:90,1
DA:91,1
DA:92,1
DA:93,1
DA:94,1
DA:95,1
DA:96,1
DA:97,1
DA:98,1
DA:99,1
DA:100,1
DA:101,1
DA:102,1
DA:103,1
DA:104,1
DA:105,1
DA:106,1
DA:107,1
DA:108,1
DA:109,1
DA:110,1
DA:111,1
DA:112,1
DA:113,1
DA:114,1
DA:115,1
DA:116,1
DA:117,1
DA:118,1
DA:119,1
DA:120,1
DA:121,1
DA:122,1
DA:123,1
DA:124,1
DA:125,1
DA:126,1
DA:127,1
DA:128,1
DA:129,1
DA:130,1
DA:131,1
DA:132,1
LF:132
LH:129
BRDA:31,0,0,1
BRDA:32,1,0,1
BRDA:43,2,0,2
BRDA:45,3,0,1
BRDA:58,4,0,1
BRDA:60,5,0,1
BRDA:64,6,0,1
BRDA:68,7,0,1
BRDA:73,8,0,1
BRDA:75,9,0,2
BRDA:86,10,0,1
BRDA:92,11,0,1
BRDA:101,12,0,1
BRDA:107,13,0,1
BRDA:112,14,0,1
BRF:15
BRH:15
end_of_record
